app/build/intermediates/manifest_merge_blame_file/debug/processDebugMainManifest/manifest-merger-blame-debug-report.txt
1<?xml version="1.0" encoding="utf-8"?>
2<manifest xmlns:android="http://schemas.android.com/apk/res/android"
3    package="com.dieu21012907.donhiptimgiatoc"
4    android:versionCode="1"
5    android:versionName="1.0" >
6
7    <uses-sdk
8        android:minSdkVersion="30"
9        android:targetSdkVersion="35" />
10
11    <!-- Quyền mạng + camera -->
12    <uses-permission android:name="android.permission.INTERNET" />
12-->src\main\AndroidManifest.xml:6:5-67
12-->src\main\AndroidManifest.xml:6:22-64
13    <uses-permission android:name="android.permission.CAMERA" />
13-->src\main\AndroidManifest.xml:7:5-65
13-->src\main\AndroidManifest.xml:7:22-62
14    <uses-permission android:name="android.permission.ACCESS_NETWORK_STATE" />
14-->src\main\AndroidManifest.xml:8:5-79
14-->src\main\AndroidManifest.xml:8:22-76
15
16    <!-- BLE - quyền cơ bản (Android < 12) -->
17    <uses-permission android:name="android.permission.BLUETOOTH" />
17-->src\main\AndroidManifest.xml:11:5-68
17-->src\main\AndroidManifest.xml:11:22-65
18    <uses-permission android:name="android.permission.BLUETOOTH_ADMIN" />
18-->src\main\AndroidManifest.xml:12:5-74
18-->src\main\AndroidManifest.xml:12:22-71
19    <uses-permission android:name="android.permission.ACCESS_FINE_LOCATION" />
19-->src\main\AndroidManifest.xml:13:5-79
19-->src\main\AndroidManifest.xml:13:22-76
20    <uses-permission android:name="android.permission.ACCESS_COARSE_LOCATION" />
20-->src\main\AndroidManifest.xml:14:5-81
20-->src\main\AndroidManifest.xml:14:22-78
21
22    <!-- BLE - quyền mới bắt buộc từ Android 12+ -->
23    <uses-permission
23-->src\main\AndroidManifest.xml:17:5-120
24        android:name="android.permission.BLUETOOTH_SCAN"
24-->src\main\AndroidManifest.xml:17:22-70
25        android:usesPermissionFlags="neverForLocation" />
25-->src\main\AndroidManifest.xml:17:71-117
26    <uses-permission android:name="android.permission.BLUETOOTH_CONNECT" />
26-->src\main\AndroidManifest.xml:18:5-76
26-->src\main\AndroidManifest.xml:18:22-73
27    <uses-permission android:name="android.permission.BLUETOOTH_ADVERTISE" />
27-->src\main\AndroidManifest.xml:19:5-78
27-->src\main\AndroidManifest.xml:19:22-75
28
29    <!-- Khai báo phần cứng (không bắt buộc) -->
30    <uses-feature
30-->src\main\AndroidManifest.xml:22:5-85
31        android:name="android.hardware.camera"
31-->src\main\AndroidManifest.xml:22:19-57
32        android:required="false" />
32-->src\main\AndroidManifest.xml:22:58-82
33    <uses-feature
33-->src\main\AndroidManifest.xml:23:5-91
34        android:name="android.hardware.camera.flash"
34-->src\main\AndroidManifest.xml:23:19-63
35        android:required="false" />
35-->src\main\AndroidManifest.xml:23:64-88
36    <uses-feature
36-->src\main\AndroidManifest.xml:24:5-91
37        android:name="android.hardware.bluetooth_le"
37-->src\main\AndroidManifest.xml:24:19-63
38        android:required="false" />
38-->src\main\AndroidManifest.xml:24:64-88
39
40    <permission
40-->[androidx.core:core:1.12.0] AndroidManifest.xml:22:5-24:47
41        android:name="com.dieu21012907.donhiptimgiatoc.DYNAMIC_RECEIVER_NOT_EXPORTED_PERMISSION"
41-->[androidx.core:core:1.12.0] AndroidManifest.xml:23:9-81
42        android:protectionLevel="signature" />
42-->[androidx.core:core:1.12.0] AndroidManifest.xml:24:9-44
43
44    <uses-permission android:name="com.dieu21012907.donhiptimgiatoc.DYNAMIC_RECEIVER_NOT_EXPORTED_PERMISSION" />
44-->[androidx.core:core:1.12.0] AndroidManifest.xml:26:5-97
44-->[androidx.core:core:1.12.0] AndroidManifest.xml:26:22-94
45
46    <application
46-->src\main\AndroidManifest.xml:26:5-43:19
47        android:allowBackup="true"
47-->src\main\AndroidManifest.xml:27:9-35
48        android:appComponentFactory="androidx.core.app.CoreComponentFactory"
48-->[androidx.core:core:1.12.0] AndroidManifest.xml:28:18-86
49        android:debuggable="true"
50        android:extractNativeLibs="false"
51        android:icon="@drawable/hehe"
51-->src\main\AndroidManifest.xml:28:9-38
52        android:label="@string/app_name"
52-->src\main\AndroidManifest.xml:29:9-41
53        android:networkSecurityConfig="@xml/network_security_config"
53-->src\main\AndroidManifest.xml:32:9-69
54        android:roundIcon="@drawable/hehe"
54-->src\main\AndroidManifest.xml:30:9-43
55        android:testOnly="true"
56        android:theme="@style/Theme.Donhiptimgiatoc" >
56-->src\main\AndroidManifest.xml:31:9-53
57        <activity
57-->src\main\AndroidManifest.xml:34:9-41:20
58            android:name="com.dieu21012907.donhiptimgiatoc.MainActivity"
58-->src\main\AndroidManifest.xml:35:13-41
59            android:exported="true" >
59-->src\main\AndroidManifest.xml:36:13-36
60            <intent-filter>
60-->src\main\AndroidManifest.xml:37:13-40:29
61                <action android:name="android.intent.action.MAIN" />
61-->src\main\AndroidManifest.xml:38:17-69
61-->src\main\AndroidManifest.xml:38:25-66
62
63                <category android:name="android.intent.category.LAUNCHER" />
63-->src\main\AndroidManifest.xml:39:17-77
63-->src\main\AndroidManifest.xml:39:27-74
64            </intent-filter>
65        </activity>
66
67        <service
67-->[androidx.camera:camera-camera2:1.3.0] AndroidManifest.xml:24:9-33:19
68            android:name="androidx.camera.core.impl.MetadataHolderService"
68-->[androidx.camera:camera-camera2:1.3.0] AndroidManifest.xml:25:13-75
69            android:enabled="false"
69-->[androidx.camera:camera-camera2:1.3.0] AndroidManifest.xml:26:13-36
70            android:exported="false" >
70-->[androidx.camera:camera-camera2:1.3.0] AndroidManifest.xml:27:13-37
71            <meta-data
71-->[androidx.camera:camera-camera2:1.3.0] AndroidManifest.xml:30:13-32:89
72                android:name="androidx.camera.core.impl.MetadataHolderService.DEFAULT_CONFIG_PROVIDER"
72-->[androidx.camera:camera-camera2:1.3.0] AndroidManifest.xml:31:17-103
73                android:value="androidx.camera.camera2.Camera2Config$DefaultProvider" />
73-->[androidx.camera:camera-camera2:1.3.0] AndroidManifest.xml:32:17-86
74        </service>
75
76        <provider
76-->[androidx.emoji2:emoji2:1.2.0] AndroidManifest.xml:24:9-32:20
77            android:name="androidx.startup.InitializationProvider"
77-->[androidx.emoji2:emoji2:1.2.0] AndroidManifest.xml:25:13-67
78            android:authorities="com.dieu21012907.donhiptimgiatoc.androidx-startup"
78-->[androidx.emoji2:emoji2:1.2.0] AndroidManifest.xml:26:13-68
79            android:exported="false" >
79-->[androidx.emoji2:emoji2:1.2.0] AndroidManifest.xml:27:13-37
80            <meta-data
80-->[androidx.emoji2:emoji2:1.2.0] AndroidManifest.xml:29:13-31:52
81                android:name="androidx.emoji2.text.EmojiCompatInitializer"
81-->[androidx.emoji2:emoji2:1.2.0] AndroidManifest.xml:30:17-75
82                android:value="androidx.startup" />
82-->[androidx.emoji2:emoji2:1.2.0] AndroidManifest.xml:31:17-49
83            <meta-data
83-->[androidx.lifecycle:lifecycle-process:2.6.1] AndroidManifest.xml:29:13-31:52
84                android:name="androidx.lifecycle.ProcessLifecycleInitializer"
84-->[androidx.lifecycle:lifecycle-process:2.6.1] AndroidManifest.xml:30:17-78
85                android:value="androidx.startup" />
85-->[androidx.lifecycle:lifecycle-process:2.6.1] AndroidManifest.xml:31:17-49
86            <meta-data
86-->[androidx.profileinstaller:profileinstaller:1.3.0] AndroidManifest.xml:29:13-31:52
87                android:name="androidx.profileinstaller.ProfileInstallerInitializer"
87-->[androidx.profileinstaller:profileinstaller:1.3.0] AndroidManifest.xml:30:17-85
88                android:value="androidx.startup" />
88-->[androidx.profileinstaller:profileinstaller:1.3.0] AndroidManifest.xml:31:17-49
89        </provider>
90
91        <receiver
91-->[androidx.profileinstaller:profileinstaller:1.3.0] AndroidManifest.xml:34:9-52:20
92            android:name="androidx.profileinstaller.ProfileInstallReceiver"
92-->[androidx.profileinstaller:profileinstaller:1.3.0] AndroidManifest.xml:35:13-76
93            android:directBootAware="false"
93-->[androidx.profileinstaller:profileinstaller:1.3.0] AndroidManifest.xml:36:13-44
94            android:enabled="true"
94-->[androidx.profileinstaller:profileinstaller:1.3.0] AndroidManifest.xml:37:13-35
95            android:exported="true"
95-->[androidx.profileinstaller:profileinstaller:1.3.0] AndroidManifest.xml:38:13-36
96            android:permission="android.permission.DUMP" >
96-->[androidx.profileinstaller:profileinstaller:1.3.0] AndroidManifest.xml:39:13-57
97            <intent-filter>
97-->[androidx.profileinstaller:profileinstaller:1.3.0] AndroidManifest.xml:40:13-42:29
98                <action android:name="androidx.profileinstaller.action.INSTALL_PROFILE" />
98-->[androidx.profileinstaller:profileinstaller:1.3.0] AndroidManifest.xml:41:17-91
98-->[androidx.profileinstaller:profileinstaller:1.3.0] AndroidManifest.xml:41:25-88
99            </intent-filter>
100            <intent-filter>
100-->[androidx.profileinstaller:profileinstaller:1.3.0] AndroidManifest.xml:43:13-45:29
101                <action android:name="androidx.profileinstaller.action.SKIP_FILE" />
101-->[androidx.profileinstaller:profileinstaller:1.3.0] AndroidManifest.xml:44:17-85
101-->[androidx.profileinstaller:profileinstaller:1.3.0] AndroidManifest.xml:44:25-82
102            </intent-filter>
103            <intent-filter>
103-->[androidx.profileinstaller:profileinstaller:1.3.0] AndroidManifest.xml:46:13-48:29
104                <action android:name="androidx.profileinstaller.action.SAVE_PROFILE" />
104-->[androidx.profileinstaller:profileinstaller:1.3.0] AndroidManifest.xml:47:17-88
104-->[androidx.profileinstaller:profileinstaller:1.3.0] AndroidManifest.xml:47:25-85
105            </intent-filter>
106            <intent-filter>
106-->[androidx.profileinstaller:profileinstaller:1.3.0] AndroidManifest.xml:49:13-51:29
107                <action android:name="androidx.profileinstaller.action.BENCHMARK_OPERATION" />
107-->[androidx.profileinstaller:profileinstaller:1.3.0] AndroidManifest.xml:50:17-95
107-->[androidx.profileinstaller:profileinstaller:1.3.0] AndroidManifest.xml:50:25-92
108            </intent-filter>
109        </receiver>
110    </application>
111
112</manifest>